0 info it worked if it ends with ok
1 verbose cli [ 'C:\\Program Files\\nodejs\\node.exe',
1 verbose cli   'c:\\Program Files\\nodejs\\node_modules\\npm\\bin\\npm-cli.js',
1 verbose cli   'i',
1 verbose cli   '-g',
1 verbose cli   'bower' ]
2 info using npm@3.8.6
3 info using node@v6.0.0
4 silly loadCurrentTree Starting
5 silly install loadCurrentTree
6 silly install readGlobalPackageData
7 silly fetchPackageMetaData bower
8 silly fetchNamedPackageData bower
9 silly mapToRegistry name bower
10 silly mapToRegistry using default registry
11 silly mapToRegistry registry https://registry.npmjs.org/
12 silly mapToRegistry data Result {
12 silly mapToRegistry   raw: 'bower',
12 silly mapToRegistry   scope: null,
12 silly mapToRegistry   name: 'bower',
12 silly mapToRegistry   rawSpec: '',
12 silly mapToRegistry   spec: 'latest',
12 silly mapToRegistry   type: 'tag' }
13 silly mapToRegistry uri https://registry.npmjs.org/bower
14 verbose request uri https://registry.npmjs.org/bower
15 verbose request no auth needed
16 info attempt registry request try #1 at 23:45:04
17 verbose request using bearer token for auth
18 verbose request id 2471578b80afd1cd
19 http request GET https://registry.npmjs.org/bower
20 http 200 https://registry.npmjs.org/bower
21 verbose headers { server: 'CouchDB/1.5.0 (Erlang OTP/R16B03)',
21 verbose headers   etag: '"DB0IQ7VCEPIV7AKCR7UN0MGEQ"',
21 verbose headers   'content-type': 'application/json',
21 verbose headers   'content-encoding': 'gzip',
21 verbose headers   'cache-control': 'max-age=300',
21 verbose headers   'transfer-encoding': 'chunked',
21 verbose headers   'accept-ranges': 'bytes',
21 verbose headers   date: 'Mon, 23 May 2016 20:44:29 GMT',
21 verbose headers   via: '1.1 varnish',
21 verbose headers   connection: 'keep-alive',
21 verbose headers   'x-served-by': 'cache-fra1222-FRA',
21 verbose headers   'x-cache': 'MISS',
21 verbose headers   'x-cache-hits': '0',
21 verbose headers   'x-timer': 'S1464036269.212505,VS0,VE233',
21 verbose headers   vary: 'Accept-Encoding' }
22 silly get cb [ 200,
22 silly get   { server: 'CouchDB/1.5.0 (Erlang OTP/R16B03)',
22 silly get     etag: '"DB0IQ7VCEPIV7AKCR7UN0MGEQ"',
22 silly get     'content-type': 'application/json',
22 silly get     'content-encoding': 'gzip',
22 silly get     'cache-control': 'max-age=300',
22 silly get     'transfer-encoding': 'chunked',
22 silly get     'accept-ranges': 'bytes',
22 silly get     date: 'Mon, 23 May 2016 20:44:29 GMT',
22 silly get     via: '1.1 varnish',
22 silly get     connection: 'keep-alive',
22 silly get     'x-served-by': 'cache-fra1222-FRA',
22 silly get     'x-cache': 'MISS',
22 silly get     'x-cache-hits': '0',
22 silly get     'x-timer': 'S1464036269.212505,VS0,VE233',
22 silly get     vary: 'Accept-Encoding' } ]
23 verbose get saving bower to C:\Users\Phaeton\AppData\Roaming\npm-cache\registry.npmjs.org\bower\.cache.json
24 verbose correctMkdir C:\Users\Phaeton\AppData\Roaming\npm-cache correctMkdir not in flight; initializing
25 silly install normalizeTree
26 silly loadCurrentTree Finishing
27 silly loadIdealTree Starting
28 silly install loadIdealTree
29 silly cloneCurrentTree Starting
30 silly install cloneCurrentTreeToIdealTree
31 silly cloneCurrentTree Finishing
32 silly loadShrinkwrap Starting
33 silly install loadShrinkwrap
34 silly loadShrinkwrap Finishing
35 silly loadAllDepsIntoIdealTree Starting
36 silly install loadAllDepsIntoIdealTree
37 silly resolveWithNewModule bower@1.7.9 checking installable status
38 silly cache add args [ 'bower', null ]
39 verbose cache add spec bower
40 silly cache add parsed spec Result {
40 silly cache add   raw: 'bower',
40 silly cache add   scope: null,
40 silly cache add   name: 'bower',
40 silly cache add   rawSpec: '',
40 silly cache add   spec: 'latest',
40 silly cache add   type: 'tag' }
41 silly addNamed bower@latest
42 verbose addNamed "latest" is being treated as a dist-tag for bower
43 info addNameTag [ 'bower', 'latest' ]
44 silly mapToRegistry name bower
45 silly mapToRegistry using default registry
46 silly mapToRegistry registry https://registry.npmjs.org/
47 silly mapToRegistry data Result {
47 silly mapToRegistry   raw: 'bower',
47 silly mapToRegistry   scope: null,
47 silly mapToRegistry   name: 'bower',
47 silly mapToRegistry   rawSpec: '',
47 silly mapToRegistry   spec: 'latest',
47 silly mapToRegistry   type: 'tag' }
48 silly mapToRegistry uri https://registry.npmjs.org/bower
49 verbose addNameTag registry:https://registry.npmjs.org/bower not in flight; fetching
50 verbose get https://registry.npmjs.org/bower not expired, no request
51 silly addNameTag next cb for bower with tag latest
52 silly addNamed bower@1.7.9
53 verbose addNamed "1.7.9" is a plain semver version for bower
54 silly mapToRegistry name bower
55 silly mapToRegistry using default registry
56 silly mapToRegistry registry https://registry.npmjs.org/
57 silly mapToRegistry data Result {
57 silly mapToRegistry   raw: 'bower',
57 silly mapToRegistry   scope: null,
57 silly mapToRegistry   name: 'bower',
57 silly mapToRegistry   rawSpec: '',
57 silly mapToRegistry   spec: 'latest',
57 silly mapToRegistry   type: 'tag' }
58 silly mapToRegistry uri https://registry.npmjs.org/bower
59 verbose addRemoteTarball https://registry.npmjs.org/bower/-/bower-1.7.9.tgz not in flight; adding
60 verbose addRemoteTarball [ 'https://registry.npmjs.org/bower/-/bower-1.7.9.tgz',
60 verbose addRemoteTarball   'b7296c2393e0d75edaa6ca39648132dd255812b0' ]
61 info retry fetch attempt 1 at 23:45:05
62 info attempt registry request try #1 at 23:45:05
63 http fetch GET https://registry.npmjs.org/bower/-/bower-1.7.9.tgz
64 verbose request using bearer token for auth
65 http fetch 200 https://registry.npmjs.org/bower/-/bower-1.7.9.tgz
66 silly fetchAndShaCheck shasum b7296c2393e0d75edaa6ca39648132dd255812b0
67 verbose addTmpTarball C:\Users\Phaeton\AppData\Local\Temp\npm-6688-0a4ad4ce\registry.npmjs.org\bower\-\bower-1.7.9.tgz not in flight; adding
68 verbose addTmpTarball already have metadata; skipping unpack for bower@1.7.9
69 verbose correctMkdir C:\Users\Phaeton\AppData\Roaming\npm-cache correctMkdir not in flight; initializing
70 silly cache afterAdd bower@1.7.9
71 verbose afterAdd C:\Users\Phaeton\AppData\Roaming\npm-cache\bower\1.7.9\package\package.json not in flight; writing
72 verbose correctMkdir C:\Users\Phaeton\AppData\Roaming\npm-cache correctMkdir not in flight; initializing
73 verbose afterAdd C:\Users\Phaeton\AppData\Roaming\npm-cache\bower\1.7.9\package\package.json written
74 silly loadAllDepsIntoIdealTree Finishing
75 silly idealTree:prePrune nodejs
75 silly idealTree:prePrune `-- bower@1.7.9
76 silly loadIdealTree Finishing
77 silly currentTree nodejs
78 silly idealTree nodejs
78 silly idealTree `-- bower@1.7.9
79 silly generateActionsToTake Starting
80 silly install generateActionsToTake
81 silly generateActionsToTake Finishing
82 silly diffTrees action count 1
83 silly diffTrees add bower@1.7.9
84 silly decomposeActions action count 8
85 silly decomposeActions fetch bower@1.7.9
86 silly decomposeActions extract bower@1.7.9
87 silly decomposeActions test bower@1.7.9
88 silly decomposeActions preinstall bower@1.7.9
89 silly decomposeActions build bower@1.7.9
90 silly decomposeActions install bower@1.7.9
91 silly decomposeActions postinstall bower@1.7.9
92 silly decomposeActions finalize bower@1.7.9
93 silly executeActions Starting
94 silly install executeActions
95 silly doSerial global-install 0
96 silly doParallel fetch 1
97 verbose correctMkdir C:\Users\Phaeton\AppData\Roaming\npm-cache\_locks correctMkdir not in flight; initializing
98 verbose lock using C:\Users\Phaeton\AppData\Roaming\npm-cache\_locks\staging-c16ed52b2b129a17.lock for c:\Program Files\nodejs\node_modules\.staging
99 verbose unlock done using C:\Users\Phaeton\AppData\Roaming\npm-cache\_locks\staging-c16ed52b2b129a17.lock for c:\Program Files\nodejs\node_modules\.staging
100 silly rollbackFailedOptional Starting
101 silly rollbackFailedOptional Finishing
102 silly runTopLevelLifecycles Starting
103 silly runTopLevelLifecycles Finishing
104 silly install printInstalled
105 verbose stack Error: EPERM: operation not permitted, mkdir 'c:\Program Files\nodejs\node_modules\.staging'
105 verbose stack     at Error (native)
106 verbose cwd D:\WEB\projects\chat_e
107 error Windows_NT 10.0.10586
108 error argv "C:\\Program Files\\nodejs\\node.exe" "c:\\Program Files\\nodejs\\node_modules\\npm\\bin\\npm-cli.js" "i" "-g" "bower"
109 error node v6.0.0
110 error npm  v3.8.6
111 error path c:\Program Files\nodejs\node_modules\.staging
112 error code EPERM
113 error errno -4048
114 error syscall mkdir
115 error Error: EPERM: operation not permitted, mkdir 'c:\Program Files\nodejs\node_modules\.staging'
115 error     at Error (native)
115 error  { Error: EPERM: operation not permitted, mkdir 'c:\Program Files\nodejs\node_modules\.staging'
115 error     at Error (native)
115 error   errno: -4048,
115 error   code: 'EPERM',
115 error   syscall: 'mkdir',
115 error   path: 'c:\\Program Files\\nodejs\\node_modules\\.staging' }
116 error Please try running this command again as root/Administrator.
117 verbose exit [ -4048, true ]
